C51 COMPILER V9.52.0.0   GPIO                                                              10/23/2019 15:26:18 PAGE 1   


C51 COMPILER V9.52.0.0, COMPILATION OF MODULE GPIO
OBJECT MODULE PLACED IN .\Output\GPIO.obj
COMPILER INVOKED BY: C:\Keil\C51\BIN\C51.EXE ..\GPIO.C OPTIMIZE(7,SPEED) BROWSE INCDIR(..\..\..\..\Library\Device\Includ
                    -e;..\..\..\..\Library\StdDriver\inc) DEBUG OBJECTEXTEND PRINT(.\LST\GPIO.lst) TABS(2) OBJECT(.\Output\GPIO.obj)

line level    source

   1          /*--------------------------------------------------------------------------------------------------------
             --*/
   2          /*                                                                                                        
             - */
   3          /* Copyright(c) 2019 Nuvoton Technology Corp. All rights reserved.                                        
             - */
   4          /*                                                                                                        
             - */
   5          /*--------------------------------------------------------------------------------------------------------
             --*/
   6          
   7          /*********************************************************************************************************
             -**/
   8          /* Website: http://www.nuvoton.com                                                                        
             - */
   9          /*  E-Mail : MicroC-8bit@nuvoton.com                                                                      
             - */
  10          /*  Date   : Jan/21/2019                                                                                  
             - */
  11          /*********************************************************************************************************
             -**/
  12          
  13          //********************************************************************************************************
             -***
  14          //  File Function: MS51 GPIO toggle demo code
  15          //********************************************************************************************************
             -***
  16          #include "MS51_32K.H"
  17          
  18          unsigned char temp _at_ 0x08;
  19          unsigned char idata itemp _at_ 0x90;
  20          unsigned char xdata xtemp _at_ 0x80;
  21          
  22          //----------------------------------------------------------------------------------------------//
  23          void main (void)
  24          {
  25   1        ALL_GPIO_QUASI_MODE;
  26   1        while(1)
  27   1        {
  28   2          P1 = 0xff;
  29   2          Timer0_Delay(16000000,200,1000);;
  30   2          P1=0x00;
  31   2          Timer0_Delay(16000000,200,1000);;
  32   2        }
  33   1      }
  34          
  35          
  36          


MODULE INFORMATION:   STATIC OVERLAYABLE
   CODE SIZE        =     76    ----
   CONSTANT SIZE    =   ----    ----
   XDATA SIZE       =   ----    ----
C51 COMPILER V9.52.0.0   GPIO                                                              10/23/2019 15:26:18 PAGE 2   

   PDATA SIZE       =   ----    ----
   DATA SIZE        =   ----    ----
   IDATA SIZE       =   ----    ----
   BIT SIZE         =   ----    ----
END OF MODULE INFORMATION.


C51 COMPILATION COMPLETE.  0 WARNING(S),  0 ERROR(S)
