C51 COMPILER V9.60.0.0   SYS                                                               09/05/2021 23:55:21 PAGE 1   


C51 COMPILER V9.60.0.0, COMPILATION OF MODULE SYS
OBJECT MODULE PLACED IN .\Objects\sys.obj
COMPILER INVOKED BY: C:\Keil_v5\C51\BIN\C51.EXE Library\StdDriver\src\sys.c LARGE ROM(COMPACT) OPTIMIZE(8,SPEED) BROWSE 
                    -INCDIR(.\Library\Device\Include;.\Library\StdDriver\inc) DEBUG OBJECTEXTEND PRINT(.\Listings\sys.lst) TABS(2) OBJECT(.\O
                    -bjects\sys.obj)

line level    source

   1          /*--------------------------------------------------------------------------------------------------------
             --*/
   2          /*                                                                                                        
             - */
   3          /* Copyright(c) 2020 nuvoton Technology Corp. All rights reserved.                                        
             - */
   4          /*                                                                                                        
             - */
   5          /*--------------------------------------------------------------------------------------------------------
             --*/
   6          
   7          //********************************************************************************************************
             -***
   8          //  Website: http://www.nuvoton.com
   9          //  E-Mail : MicroC-8bit@nuvoton.com
  10          //  Date   : June/21/2020
  11          //********************************************************************************************************
             -***
  12          #include "MS51_32K.h"
  13          bit BIT_TMP;
  14          unsigned char data  TA_REG_TMP,BYTE_TMP,SFRS_TMP;
  15          
  16            /**
  17            * @brief This API configures modify system HIRC value
  18            * @param[in] u8FsysMode . Valid values are:
  19            *                       - \ref HIRC_24                 :Internal HIRC 24MHz .
  20            *                       - \ref HIRC_16                 :Internal HIRC 16MHz.
  21            *                       - \ref HIRC_166                :Internal HIRC 16.6MHz.
  22            * @note      None.
  23            * @exmaple : MODIFY_HIRC(HIRC_24);
  24            */
  25          void MODIFY_HIRC(unsigned char u8HIRCSEL)
  26          {
  27   1          unsigned char data hircmap0,hircmap1;
  28   1          unsigned int trimvalue16bit;
  29   1          /* Check if power on reset, modify HIRC */
  30   1          SFRS = 0 ;
  31   1          switch (u8HIRCSEL)
  32   1          {
  33   2            case HIRC_24:
  34   2              IAPAL = 0x38;
  35   2            break;
  36   2            case HIRC_16:
  37   2              IAPAL = 0x30;
  38   2            break;
  39   2            case HIRC_166:
  40   2              IAPAL = 0x30;
  41   2            break;
  42   2          }
  43   1          set_CHPCON_IAPEN;
  44   1          IAPAH = 0x00;
  45   1          IAPCN = READ_UID;
  46   1          set_IAPTRG_IAPGO;
C51 COMPILER V9.60.0.0   SYS                                                               09/05/2021 23:55:21 PAGE 2   

  47   1          hircmap0 = IAPFD;
  48   1          IAPAL++;
  49   1          set_IAPTRG_IAPGO;
  50   1          hircmap1 = IAPFD;
  51   1          clr_CHPCON_IAPEN;
  52   1          switch (u8HIRCSEL)
  53   1          {
  54   2            case HIRC_166:
  55   2              trimvalue16bit = ((hircmap0 << 1) + (hircmap1 & 0x01));
  56   2              trimvalue16bit = trimvalue16bit - 15;
  57   2              hircmap1 = trimvalue16bit & 0x01;
  58   2              hircmap0 = trimvalue16bit >> 1;
  59   2      
  60   2            break;
  61   2            default: break;
  62   2          }
  63   1          TA = 0xAA;
  64   1          TA = 0x55;
  65   1          RCTRIM0 = hircmap0;
  66   1          TA = 0xAA;
  67   1          TA = 0x55;
  68   1          RCTRIM1 = hircmap1;
  69   1          clr_CHPCON_IAPEN;
  70   1          PCON &= CLR_BIT4;
  71   1      }


MODULE INFORMATION:   STATIC OVERLAYABLE
   CODE SIZE        =    209    ----
   CONSTANT SIZE    =   ----    ----
   XDATA SIZE       =   ----    ----
   PDATA SIZE       =   ----    ----
   DATA SIZE        =      3       2
   IDATA SIZE       =   ----    ----
   BIT SIZE         =      1    ----
END OF MODULE INFORMATION.


C51 COMPILATION COMPLETE.  0 WARNING(S),  0 ERROR(S)
